<?xml version="1.0" encoding="UTF-8"?>
<!-- Generated by org.testng.reporters.JUnitReportReporter -->
<testsuite hostname="mozo" failures="0" tests="1" name="ChromeBrowser" time="126.388" errors="0" timestamp="2025-04-17T09:07:38 SAST" skipped="0">
  <testcase classname="ChromeBrowser" name="startChromeBrowser" time="126.388"/>
</testsuite> <!-- ChromeBrowser -->
